This is pdfTeXk, Version 3.141592-1.40.3 (Web2C 7.5.6) (format=pdflatex 2013.9.6)  10 MAY 2015 22:39
entering extended mode
 %&-line parsing enabled.
**Report2.tex
(./Report2.tex
LaTeX2e <2005/12/01>
Babel <v3.8h> and hyphenation patterns for english, usenglishmax, dumylang, noh
yphenation, arabic, basque, bulgarian, coptic, welsh, czech, slovak, german, ng
erman, danish, esperanto, spanish, catalan, galician, estonian, farsi, finnish,
 french, greek, monogreek, ancientgreek, croatian, hungarian, interlingua, ibyc
us, indonesian, icelandic, italian, latin, mongolian, dutch, norsk, polish, por
tuguese, pinyin, romanian, russian, slovenian, uppersorbian, serbian, swedish, 
turkish, ukenglish, ukrainian, loaded.
(/usr/share/texmf/tex/latex/base/article.cls
Document Class: article 2005/09/16 v1.4f Standard LaTeX document class
(/usr/share/texmf/tex/latex/base/size12.clo
File: size12.clo 2005/09/16 v1.4f Standard LaTeX file (size option)
)
\c@part=\count79
\c@section=\count80
\c@subsection=\count81
\c@subsubsection=\count82
\c@paragraph=\count83
\c@subparagraph=\count84
\c@figure=\count85
\c@table=\count86
\abovecaptionskip=\skip41
\belowcaptionskip=\skip42
\bibindent=\dimen102
)
(/usr/share/texmf/tex/generic/babel/babel.sty
Package: babel 2005/11/23 v3.8h The Babel package

(/usr/share/texmf/tex/generic/babel/norsk.ldf
Language: norsk 2005/03/30 v2.0h Norsk support from the babel system

(/usr/share/texmf/tex/generic/babel/babel.def
File: babel.def 2005/11/23 v3.8h Babel common definitions
\babel@savecnt=\count87
\U@D=\dimen103
)
Package babel Info: Making " an active character on input line 113.
))
(/usr/share/texmf/tex/latex/base/fontenc.sty
Package: fontenc 2005/09/27 v1.99g Standard LaTeX package

(/usr/share/texmf/tex/latex/base/t1enc.def
File: t1enc.def 2005/09/27 v1.99g Standard LaTeX file
LaTeX Font Info:    Redeclaring font encoding T1 on input line 43.
))
(/usr/share/texmf/tex/latex/base/inputenc.sty
Package: inputenc 2006/05/05 v1.1b Input encoding file
\inpenc@prehook=\toks14
\inpenc@posthook=\toks15

(/usr/share/texmf/tex/latex/ucs/utf8x.def
File: utf8x.def 2004/10/17 UCS: Input encoding UTF-8
))
(/usr/share/texmf/tex/latex/ucs/ucs.sty
Package: ucs 2004/10/17 UCS: Unicode input support

(/usr/share/texmf/tex/latex/ucs/data/uni-global.def
File: uni-global.def 2004/10/17 UCS: Unicode global data
)
\uc@secondtry=\count88
\uc@combtoks=\toks16
\uc@combtoksb=\toks17
\uc@temptokena=\toks18
)
(/usr/share/texmf/tex/latex/graphics/graphicx.sty
Package: graphicx 1999/02/16 v1.0f Enhanced LaTeX Graphics (DPC,SPQR)

(/usr/share/texmf/tex/latex/graphics/keyval.sty
Package: keyval 1999/03/16 v1.13 key=value parser (DPC)
\KV@toks@=\toks19
)
(/usr/share/texmf/tex/latex/graphics/graphics.sty
Package: graphics 2006/02/20 v1.0o Standard LaTeX Graphics (DPC,SPQR)

(/usr/share/texmf/tex/latex/graphics/trig.sty
Package: trig 1999/03/16 v1.09 sin cos tan (DPC)
)
(/usr/share/texmf/tex/latex/config/graphics.cfg
File: graphics.cfg 2007/01/18 v1.5 graphics configuration of teTeX/TeXLive
)
Package graphics Info: Driver file: pdftex.def on input line 90.

(/usr/share/texmf/tex/latex/pdftex-def/pdftex.def
File: pdftex.def 2007/01/08 v0.04d Graphics/color for pdfTeX
\Gread@gobject=\count89
))
\Gin@req@height=\dimen104
\Gin@req@width=\dimen105
)
(/usr/share/texmf/tex/latex/tools/verbatim.sty
Package: verbatim 2003/08/22 v1.5q LaTeX2e package for verbatim enhancements
\every@verbatim=\toks20
\verbatim@line=\toks21
\verbatim@in@stream=\read1
)
(/usr/share/texmf/tex/latex/amsfonts/amsfonts.sty
Package: amsfonts 2001/10/25 v2.2f
\@emptytoks=\toks22
\symAMSa=\mathgroup4
\symAMSb=\mathgroup5
LaTeX Font Info:    Overwriting math alphabet `\mathfrak' in version `bold'
(Font)                  U/euf/m/n --> U/euf/b/n on input line 132.
)
(/usr/share/texmf/tex/latex/amsmath/amsmath.sty
Package: amsmath 2000/07/18 v2.13 AMS math features
\@mathmargin=\skip43

For additional information on amsmath, use the `?' option.
(/usr/share/texmf/tex/latex/amsmath/amstext.sty
Package: amstext 2000/06/29 v2.01

(/usr/share/texmf/tex/latex/amsmath/amsgen.sty
File: amsgen.sty 1999/11/30 v2.0
\@emptytoks=\toks23
\ex@=\dimen106
))
(/usr/share/texmf/tex/latex/amsmath/amsbsy.sty
Package: amsbsy 1999/11/29 v1.2d
\pmbraise@=\dimen107
)
(/usr/share/texmf/tex/latex/amsmath/amsopn.sty
Package: amsopn 1999/12/14 v2.01 operator names
)
\inf@bad=\count90
LaTeX Info: Redefining \frac on input line 211.
\uproot@=\count91
\leftroot@=\count92
LaTeX Info: Redefining \overline on input line 307.
\classnum@=\count93
\DOTSCASE@=\count94
LaTeX Info: Redefining \ldots on input line 379.
LaTeX Info: Redefining \dots on input line 382.
LaTeX Info: Redefining \cdots on input line 467.
\Mathstrutbox@=\box26
\strutbox@=\box27
\big@size=\dimen108
LaTeX Font Info:    Redeclaring font encoding OML on input line 567.
LaTeX Font Info:    Redeclaring font encoding OMS on input line 568.
\macc@depth=\count95
\c@MaxMatrixCols=\count96
\dotsspace@=\muskip10
\c@parentequation=\count97
\dspbrk@lvl=\count98
\tag@help=\toks24
\row@=\count99
\column@=\count100
\maxfields@=\count101
\andhelp@=\toks25
\eqnshift@=\dimen109
\alignsep@=\dimen110
\tagshift@=\dimen111
\tagwidth@=\dimen112
\totwidth@=\dimen113
\lineht@=\dimen114
\@envbody=\toks26
\multlinegap=\skip44
\multlinetaggap=\skip45
\mathdisplay@stack=\toks27
LaTeX Info: Redefining \[ on input line 2666.
LaTeX Info: Redefining \] on input line 2667.
)
(/usr/share/texmf/tex/latex/amsfonts/amssymb.sty
Package: amssymb 2002/01/22 v2.2d
)
(/usr/share/texmf/tex/latex/savesym/savesym.sty

LaTeX Warning: You have requested package `savesym',
               but the package provides `savesymbol'.

Package: savesymbol 2003/06/01 v1.1 Saves and restores symbols
) (/usr/share/texmf/tex/latex/float/float.sty
Package: float 2001/11/08 v1.3d Float enhancements (AL)
\c@float@type=\count102
\float@exts=\toks28
\float@box=\box28
\@float@everytoks=\toks29
\@floatcapt=\box29
)
(/usr/share/texmf/tex/latex/SIunits/SIunits.sty
Package: SIunits 2002/08/01 v1.33 Support for the International System of units
 (MH)


\@qskwidth=\skip46
\symgreek=\mathgroup6
(/usr/share/texmf/tex/latex/SIunits/SIunits.cfg))
(/usr/share/texmf/tex/latex/base/textcomp.sty
Package: textcomp 2005/09/27 v1.99g Standard LaTeX package
Package textcomp Info: Sub-encoding information:
(textcomp)               5 = only ISO-Adobe without \textcurrency
(textcomp)               4 = 5 + \texteuro
(textcomp)               3 = 4 + \textohm
(textcomp)               2 = 3 + \textestimated + \textcurrency
(textcomp)               1 = TS1 - \textcircled - \t
(textcomp)               0 = TS1 (full)
(textcomp)             Font families with sub-encoding setting implement
(textcomp)             only a restricted character set as indicated.
(textcomp)             Family '?' is the default used for unknown fonts.
(textcomp)             See the documentation for details.
Package textcomp Info: Setting ? sub-encoding to TS1/1 on input line 71.

(/usr/share/texmf/tex/latex/base/ts1enc.def
File: ts1enc.def 2001/06/05 v3.0e (jk/car/fm) Standard LaTeX file
LaTeX Font Info:    Redeclaring font encoding TS1 on input line 42.
)
LaTeX Info: Redefining \oldstylenums on input line 266.
Package textcomp Info: Setting cmr sub-encoding to TS1/0 on input line 281.
Package textcomp Info: Setting cmss sub-encoding to TS1/0 on input line 282.
Package textcomp Info: Setting cmtt sub-encoding to TS1/0 on input line 283.
Package textcomp Info: Setting cmvtt sub-encoding to TS1/0 on input line 284.
Package textcomp Info: Setting cmbr sub-encoding to TS1/0 on input line 285.
Package textcomp Info: Setting cmtl sub-encoding to TS1/0 on input line 286.
Package textcomp Info: Setting ccr sub-encoding to TS1/0 on input line 287.
Package textcomp Info: Setting ptm sub-encoding to TS1/4 on input line 288.
Package textcomp Info: Setting pcr sub-encoding to TS1/4 on input line 289.
Package textcomp Info: Setting phv sub-encoding to TS1/4 on input line 290.
Package textcomp Info: Setting ppl sub-encoding to TS1/3 on input line 291.
Package textcomp Info: Setting pag sub-encoding to TS1/4 on input line 292.
Package textcomp Info: Setting pbk sub-encoding to TS1/4 on input line 293.
Package textcomp Info: Setting pnc sub-encoding to TS1/4 on input line 294.
Package textcomp Info: Setting pzc sub-encoding to TS1/4 on input line 295.
Package textcomp Info: Setting bch sub-encoding to TS1/4 on input line 296.
Package textcomp Info: Setting put sub-encoding to TS1/5 on input line 297.
Package textcomp Info: Setting uag sub-encoding to TS1/5 on input line 298.
Package textcomp Info: Setting ugq sub-encoding to TS1/5 on input line 299.
Package textcomp Info: Setting ul8 sub-encoding to TS1/4 on input line 300.
Package textcomp Info: Setting ul9 sub-encoding to TS1/4 on input line 301.
Package textcomp Info: Setting augie sub-encoding to TS1/5 on input line 302.
Package textcomp Info: Setting dayrom sub-encoding to TS1/3 on input line 303.
Package textcomp Info: Setting dayroms sub-encoding to TS1/3 on input line 304.

Package textcomp Info: Setting pxr sub-encoding to TS1/0 on input line 305.
Package textcomp Info: Setting pxss sub-encoding to TS1/0 on input line 306.
Package textcomp Info: Setting pxtt sub-encoding to TS1/0 on input line 307.
Package textcomp Info: Setting txr sub-encoding to TS1/0 on input line 308.
Package textcomp Info: Setting txss sub-encoding to TS1/0 on input line 309.
Package textcomp Info: Setting txtt sub-encoding to TS1/0 on input line 310.
Package textcomp Info: Setting futs sub-encoding to TS1/4 on input line 311.
Package textcomp Info: Setting futx sub-encoding to TS1/4 on input line 312.
Package textcomp Info: Setting futj sub-encoding to TS1/4 on input line 313.
Package textcomp Info: Setting hlh sub-encoding to TS1/3 on input line 314.
Package textcomp Info: Setting hls sub-encoding to TS1/3 on input line 315.
Package textcomp Info: Setting hlst sub-encoding to TS1/3 on input line 316.
Package textcomp Info: Setting hlct sub-encoding to TS1/5 on input line 317.
Package textcomp Info: Setting hlx sub-encoding to TS1/5 on input line 318.
Package textcomp Info: Setting hlce sub-encoding to TS1/5 on input line 319.
Package textcomp Info: Setting hlcn sub-encoding to TS1/5 on input line 320.
Package textcomp Info: Setting hlcw sub-encoding to TS1/5 on input line 321.
Package textcomp Info: Setting hlcf sub-encoding to TS1/5 on input line 322.
Package textcomp Info: Setting pplx sub-encoding to TS1/3 on input line 323.
Package textcomp Info: Setting pplj sub-encoding to TS1/3 on input line 324.
Package textcomp Info: Setting ptmx sub-encoding to TS1/4 on input line 325.
Package textcomp Info: Setting ptmj sub-encoding to TS1/4 on input line 326.
)
(/usr/share/texmf/tex/latex/ltxmisc/parskip.sty
Package: parskip 2001/04/09 non-zero parskip adjustments
)
(/usr/share/texmf/tex/latex/tools/array.sty
Package: array 2005/08/23 v2.4b Tabular extension package (FMi)
\col@sep=\dimen115
\extrarowheight=\dimen116
\NC@list=\toks30
\extratabsurround=\skip47
\backup@length=\skip48
)
(/usr/share/texmf/tex/latex/caption/caption.sty
Package: caption 2007/01/07 v3.0k Customising captions (AR)

(/usr/share/texmf/tex/latex/caption/caption3.sty
Package: caption3 2007/01/07 v3.0k caption3 kernel (AR)
\captionmargin=\dimen117
\captionmarginx=\dimen118
\captionwidth=\dimen119
\captionindent=\dimen120
\captionparindent=\dimen121
\captionhangindent=\dimen122
)
Package caption Info: float package v1.3 (or newer) detected on input line 275.

)
(/usr/share/texmf/tex/latex/listings/listings.sty
\lst@mode=\count103
\lst@gtempboxa=\box30
\lst@token=\toks31
\lst@length=\count104
\lst@currlwidth=\dimen123
\lst@column=\count105
\lst@pos=\count106
\lst@lostspace=\dimen124
\lst@width=\dimen125
\lst@newlines=\count107
\lst@lineno=\count108
\c@lstlisting=\count109
\lst@maxwidth=\dimen126

(/usr/share/texmf/tex/latex/listings/lstpatch.sty
File: lstpatch.sty 2004/10/17 1.3b (Carsten Heinz)
)
(/usr/share/texmf/tex/latex/listings/lstmisc.sty
File: lstmisc.sty 2004/09/07 1.3 (Carsten Heinz)
\c@lstnumber=\count110
\lst@skipnumbers=\count111
\lst@framebox=\box31
)
(/usr/share/texmf/tex/latex/listings/listings.cfg
File: listings.cfg 2004/09/05 1.3 listings configuration
))
Package: listings 2004/10/17 1.3b (Carsten Heinz)
 (./Report2.aux)
\openout1 = `Report2.aux'.

LaTeX Font Info:    Checking defaults for OML/cmm/m/it on input line 24.
LaTeX Font Info:    ... okay on input line 24.
LaTeX Font Info:    Checking defaults for T1/cmr/m/n on input line 24.
LaTeX Font Info:    ... okay on input line 24.
LaTeX Font Info:    Checking defaults for OT1/cmr/m/n on input line 24.
LaTeX Font Info:    ... okay on input line 24.
LaTeX Font Info:    Checking defaults for OMS/cmsy/m/n on input line 24.
LaTeX Font Info:    ... okay on input line 24.
LaTeX Font Info:    Checking defaults for OMX/cmex/m/n on input line 24.
LaTeX Font Info:    ... okay on input line 24.
LaTeX Font Info:    Checking defaults for U/cmr/m/n on input line 24.
LaTeX Font Info:    ... okay on input line 24.
LaTeX Font Info:    Checking defaults for TS1/cmr/m/n on input line 24.
LaTeX Font Info:    Try loading font information for TS1+cmr on input line 24.

(/usr/share/texmf/tex/latex/base/ts1cmr.fd
File: ts1cmr.fd 1999/05/25 v2.5h Standard LaTeX font definitions
)
LaTeX Font Info:    ... okay on input line 24.

(/usr/share/texmf/tex/latex/ucs/ucsencs.def
File: ucsencs.def 2003/11/29 Fixes to fontencodings LGR, T3
)
(/usr/share/texmf/tex/latex/ragged2e/ragged2e.sty
Package: ragged2e 2003/03/25 v2.04 ragged2e Package (MS)

(/usr/share/texmf/tex/latex/everysel/everysel.sty
Package: everysel 1999/06/08 v1.03 EverySelectfont Package (MS)
LaTeX Info: Redefining \selectfont on input line 125.
)
\CenteringLeftskip=\skip49
\RaggedLeftLeftskip=\skip50
\RaggedRightLeftskip=\skip51
\CenteringRightskip=\skip52
\RaggedLeftRightskip=\skip53
\RaggedRightRightskip=\skip54
\CenteringParfillskip=\skip55
\RaggedLeftParfillskip=\skip56
\RaggedRightParfillskip=\skip57
\JustifyingParfillskip=\skip58
\CenteringParindent=\skip59
\RaggedLeftParindent=\skip60
\RaggedRightParindent=\skip61
\JustifyingParindent=\skip62
)
Package caption Info: listings package v1.2 (or newer) detected on input line 2
4.
LaTeX Font Info:    Try loading font information for U+msa on input line 27.

(/usr/share/texmf/tex/latex/amsfonts/umsa.fd
File: umsa.fd 2002/01/19 v2.2g AMS font definitions
)
LaTeX Font Info:    Try loading font information for U+msb on input line 27.

(/usr/share/texmf/tex/latex/amsfonts/umsb.fd
File: umsb.fd 2002/01/19 v2.2g AMS font definitions
)
(/usr/share/texmf/tex/latex/ucs/data/uni-0.def
File: uni-0.def 2004/10/17 UCS: Unicode data U+0000..U+00FF
)
<working.png, id=1, 417.81094pt x 449.42906pt>
File: working.png Graphic file (type png)
 <use working.png> [1

{/var/lib/texmf/fonts/map/pdftex/updmap/pdftex.map}]

LaTeX Warning: Command \textasteriskcentered invalid in math mode on input line
 57.


LaTeX Warning: Command \textasteriskcentered invalid in math mode on input line
 57.


LaTeX Warning: Command \textasteriskcentered invalid in math mode on input line
 57.


LaTeX Warning: Command \textasteriskcentered invalid in math mode on input line
 57.


LaTeX Warning: Command \textasteriskcentered invalid in math mode on input line
 59.


LaTeX Warning: Command \textasteriskcentered invalid in math mode on input line
 59.

[2 <./working.png (PNG copy)>]

LaTeX Warning: Command \textasteriskcentered invalid in math mode on input line
 90.


LaTeX Warning: Command \textasteriskcentered invalid in math mode on input line
 90.


LaTeX Warning: Command \textasteriskcentered invalid in math mode on input line
 90.


LaTeX Warning: Command \textasteriskcentered invalid in math mode on input line
 90.


LaTeX Warning: Command \textasteriskcentered invalid in math mode on input line
 97.


LaTeX Warning: Command \textasteriskcentered invalid in math mode on input line
 97.


LaTeX Warning: Command \textasteriskcentered invalid in math mode on input line
 97.


LaTeX Warning: Command \textasteriskcentered invalid in math mode on input line
 97.


LaTeX Warning: Command \textasteriskcentered invalid in math mode on input line
 97.


LaTeX Warning: Command \textasteriskcentered invalid in math mode on input line
 97.


LaTeX Warning: Command \textasteriskcentered invalid in math mode on input line
 97.


LaTeX Warning: Command \textasteriskcentered invalid in math mode on input line
 97.


LaTeX Warning: Command \textasteriskcentered invalid in math mode on input line
 103.


LaTeX Warning: Command \textasteriskcentered invalid in math mode on input line
 103.


LaTeX Warning: Command \textasteriskcentered invalid in math mode on input line
 103.


LaTeX Warning: Command \textasteriskcentered invalid in math mode on input line
 103.

[3]

LaTeX Warning: Command \textasteriskcentered invalid in math mode on input line
 121.


LaTeX Warning: Command \textasteriskcentered invalid in math mode on input line
 121.


LaTeX Warning: Command \textasteriskcentered invalid in math mode on input line
 121.


LaTeX Warning: Command \textasteriskcentered invalid in math mode on input line
 121.


LaTeX Warning: Command \textasteriskcentered invalid in math mode on input line
 121.


LaTeX Warning: Command \textasteriskcentered invalid in math mode on input line
 121.


LaTeX Warning: Command \textasteriskcentered invalid in math mode on input line
 121.


LaTeX Warning: Command \textasteriskcentered invalid in math mode on input line
 121.


LaTeX Warning: Command \textasteriskcentered invalid in math mode on input line
 123.


LaTeX Warning: Command \textasteriskcentered invalid in math mode on input line
 123.


LaTeX Warning: Command \textasteriskcentered invalid in math mode on input line
 141.


LaTeX Warning: Command \textasteriskcentered invalid in math mode on input line
 141.


LaTeX Warning: Command \textasteriskcentered invalid in math mode on input line
 141.


LaTeX Warning: Command \textasteriskcentered invalid in math mode on input line
 141.

[4]
Overfull \hbox (32.90039pt too wide) in paragraph at lines 186--187
[][][][][][][][][][][][][][][][][][][][][][][][][][][][] 
 []

[5] [6] [7]
Overfull \hbox (39.94873pt too wide) in paragraph at lines 281--282
[][][][][][][][][][][][][][][][][][][][][][][][][][][] 
 []


Overfull \hbox (11.75537pt too wide) in paragraph at lines 282--283
[][][][][][][][][][][][][][][][][][][][][][][][] 
 []


Overfull \hbox (4.70703pt too wide) in paragraph at lines 302--303
[][][][][][][][][][][][]
 []


Overfull \hbox (4.70703pt too wide) in paragraph at lines 313--314
[][][][][][][][][][][][]
 []


Overfull \hbox (4.70703pt too wide) in paragraph at lines 315--316
[][][][][][][][][][][][][][][][]
 []

[8]
Overfull \hbox (4.70703pt too wide) in paragraph at lines 320--327
[][][][][][][][][][][][][][][][][][][][]
 []


Overfull \hbox (75.19043pt too wide) in paragraph at lines 333--334
[][][][][][][][][][][][][][][][][][][][] 
 []


Overfull \hbox (68.14209pt too wide) in paragraph at lines 334--336
[][][][][][][][][][][][][][][][][][] 
 []


Overfull \hbox (89.28711pt too wide) in paragraph at lines 337--338
[][][][][][][][][][][][][][][][][][] 
 []


Overfull \hbox (75.19043pt too wide) in paragraph at lines 338--339
[][][][][][][][][][][][][][][][][] 
 []


Overfull \hbox (61.09375pt too wide) in paragraph at lines 342--343
[][][][][][][][][][][][][][][][][][] 
 []


Overfull \hbox (25.85205pt too wide) in paragraph at lines 346--347
[][][][][][][][][][][][][][][][][][][][][][]
 []


Overfull \hbox (131.57715pt too wide) in paragraph at lines 347--349
[][][][][][][][][][][][][][][][][][][][] 
 []


Overfull \hbox (68.14209pt too wide) in paragraph at lines 350--351
[][][][][][][][][][][][][][][][][][][][] 
 []


Overfull \hbox (103.38379pt too wide) in paragraph at lines 351--352
[][][][][][][][][][][][] 
 []


Overfull \hbox (46.99707pt too wide) in paragraph at lines 352--353
[][][][][][][][][][][][][] 
 []

[9]
Overfull \hbox (68.14209pt too wide) in paragraph at lines 390--391
[][][][][][][][][][][][][][][][][][][][][] 
 []

[10]
Overfull \hbox (32.90039pt too wide) in paragraph at lines 425--426
[][][][][][][][][][][][][][][][][][][][][][][][][][][][] 
 []


Overfull \hbox (82.23877pt too wide) in paragraph at lines 437--440
[][][][][][][][][][][][][][][][][][][][][][][][][][][][][][][][][][][] 
 []

[11]
Overfull \hbox (25.85205pt too wide) in paragraph at lines 451--452
[][][][][][][][][][][][][][][][][][][][][][][] 
 []


Overfull \hbox (61.09375pt too wide) in paragraph at lines 453--456
[][][][][][][][][][][][][][][][][][][][][][][][][][] 
 []

[12] [13]
Overfull \hbox (32.90039pt too wide) in paragraph at lines 544--545
[][][][][][][][][][][][][][][][][][][][][][][][] 
 []


Overfull \hbox (32.90039pt too wide) in paragraph at lines 545--547
[][][][][][][][][][][][][][][][][][][][][][][][] 
 []


Overfull \hbox (131.57715pt too wide) in paragraph at lines 552--553
[][][][][][][][][][][][][][][][][][][][][][][][][][][][] 
 []


Overfull \hbox (96.33545pt too wide) in paragraph at lines 553--555
[][][][][][][][][][][][][][][][][][][][][][] 
 []

[14]
Overfull \hbox (61.09375pt too wide) in paragraph at lines 561--562
[][][][][][][][][][][][][][][][][][][][][][][][][][][][][][][][][] 
 []


Overfull \hbox (96.33545pt too wide) in paragraph at lines 582--584
[][][][][][][][][][][][][][][][][][][][][][][][][][] 
 []

[15] [16]
Overfull \hbox (293.68896pt too wide) in paragraph at lines 644--649
[][][][][][][][][][][][][][][][][][][][][][][][][][][][][][][][][][][][][][][][
][][][][][][][][] 
 []


Overfull \hbox (25.85205pt too wide) in paragraph at lines 652--656
[][][][][][][][][][][][][][][][][][][][][][][][][][][][][][][][][][][] 
 []


Overfull \hbox (251.39893pt too wide) in paragraph at lines 657--662
[][][][][][][][][][][][][][][][][][][][][][][][][][][][][][][][][][][][][][][][
][][] 
 []


Overfull \hbox (335.979pt too wide) in paragraph at lines 662--666
[][][][][][][][][][][][][][][][][][][][][][][][][][][][][][][][][][][][][][][][
][][][][][][][][][][][][][][][][][][] 
 []

[17] (./Report2.aux) ) 
Here is how much of TeX's memory you used:
 5874 strings out of 256216
 75767 string characters out of 1917073
 144793 words of memory out of 1500000
 9069 multiletter control sequences out of 10000+200000
 17552 words of font info for 56 fonts, out of 1200000 for 2000
 645 hyphenation exceptions out of 8191
 35i,9n,38p,354b,1544s stack positions out of 5000i,500n,6000p,200000b,15000s
 </uio/hume/student-u67/pederfo/.texlive2007/texmf-var/fo
nts/pk/ljfour/jknappen/ec/tcrm1200.600pk> </uio/hume/student-u67/pederfo/.texli
ve2007/texmf-var/fonts/pk/ljfour/jknappen/ec/ecrm1200.600pk> </uio/hume/student
-u67/pederfo/.texlive2007/texmf-var/fonts/pk/ljfour/jknappen/ec/ecbx1440.600pk>
 </uio/hume/student-u67/pederfo/.texlive2007/texmf-var/fonts/pk/ljfour/jknappen
/ec/ecbx1728.600pk> </uio/hume/student-u67/pederfo/.texlive2007/texmf-var/fonts
/pk/ljfour/jknappen/ec/ecrm1440.600pk> </uio/hume/student-u67/pederfo/.texlive2
007/texmf-var/fonts/pk/ljfour/jknappen/ec/ecrm2074.600pk></usr/share/texmf/font
s/type1/bluesky/cm/cmex10.pfb></usr/share/texmf/fonts/type1/bluesky/cm/cmmi12.p
fb></usr/share/texmf/fonts/type1/bluesky/cm/cmmi8.pfb></usr/share/texmf/fonts/t
ype1/bluesky/cm/cmr12.pfb></usr/share/texmf/fonts/type1/bluesky/cm/cmr6.pfb></u
sr/share/texmf/fonts/type1/bluesky/cm/cmr8.pfb></usr/share/texmf/fonts/type1/bl
uesky/cm/cmsy10.pfb></usr/share/texmf/fonts/type1/bluesky/cm/cmsy8.pfb>
Output written on Report2.pdf (17 pages, 259273 bytes).
PDF statistics:
 268 PDF objects out of 1000 (max. 8388607)
 0 named destinations out of 1000 (max. 131072)
 6 words of extra memory for PDF output out of 10000 (max. 10000000)

